<?xml version="1.0" encoding="UTF-8"?>
<!-- Generated by org.testng.reporters.JUnitXMLReporter -->
<testsuite ignored="0" hostname="Ali" failures="1" tests="3" name="Surefire test" time="135.881" errors="0" timestamp="2025-03-17T10:05:27 PKT">
  <testcase classname="com.example.tests.WalletAuthTest" name="testOpenWebsite" time="21.237"/>
  <testcase classname="com.example.tests.WalletAuthTest" name="testConnectWallet" time="1.176"/>
  <testcase classname="com.example.tests.WalletAuthTest" name="testSelectMetaMask" time="110.004">
    <failure type="java.lang.AssertionError" message="Failed to select MetaMask wallet: Expected condition failed: waiting for element to be clickable: By.xpath: //button[contains(text(),&amp;apos;Connect&amp;apos;) or @data-testid=&amp;apos;page-container-footer-next&amp;apos;] (tried for 15 second(s) with 500 milliseconds interval)
Build info: version: &amp;apos;4.16.1&amp;apos;, revision: &amp;apos;9b4c83354e&amp;apos;
System info: os.name: &amp;apos;Windows 10&amp;apos;, os.arch: &amp;apos;amd64&amp;apos;, os.version: &amp;apos;10.0&amp;apos;, java.version: &amp;apos;22.0.1&amp;apos;
Driver info: org.openqa.selenium.chrome.ChromeDriver
Capabilities {acceptInsecureCerts: false, browserName: chrome, browserVersion: 134.0.6998.89, chrome: {chromedriverVersion: 134.0.6998.88 (7e3d5c978c6d..., userDataDir: C:\Users\DELL\AppData\Local...}, fedcm:accounts: true, goog:chromeOptions: {debuggerAddress: localhost:60874}, networkConnectionEnabled: false, pageLoadStrategy: normal, platformName: windows, proxy: Proxy(), se:cdp: ws://localhost:60874/devtoo..., se:cdpVersion: 134.0.6998.89, setWindowRect: true, strictFileInteractability: false, timeouts: {implicit: 0, pageLoad: 300000, script: 30000}, unhandledPromptBehavior: dismiss and notify, webauthn:extension:credBlob: true, webauthn:extension:largeBlob: true, webauthn:extension:minPinLength: true, webauthn:extension:prf: true, webauthn:virtualAuthenticators: true}
Session ID: 92f19b96eca08bc42c1fa9a62782a756">
      <![CDATA[java.lang.AssertionError: Failed to select MetaMask wallet: Expected condition failed: waiting for element to be clickable: By.xpath: //button[contains(text(),'Connect') or @data-testid='page-container-footer-next'] (tried for 15 second(s) with 500 milliseconds interval)
Build info: version: '4.16.1', revision: '9b4c83354e'
System info: os.name: 'Windows 10', os.arch: 'amd64', os.version: '10.0', java.version: '22.0.1'
Driver info: org.openqa.selenium.chrome.ChromeDriver
Capabilities {acceptInsecureCerts: false, browserName: chrome, browserVersion: 134.0.6998.89, chrome: {chromedriverVersion: 134.0.6998.88 (7e3d5c978c6d..., userDataDir: C:\Users\DELL\AppData\Local...}, fedcm:accounts: true, goog:chromeOptions: {debuggerAddress: localhost:60874}, networkConnectionEnabled: false, pageLoadStrategy: normal, platformName: windows, proxy: Proxy(), se:cdp: ws://localhost:60874/devtoo..., se:cdpVersion: 134.0.6998.89, setWindowRect: true, strictFileInteractability: false, timeouts: {implicit: 0, pageLoad: 300000, script: 30000}, unhandledPromptBehavior: dismiss and notify, webauthn:extension:credBlob: true, webauthn:extension:largeBlob: true, webauthn:extension:minPinLength: true, webauthn:extension:prf: true, webauthn:virtualAuthenticators: true}
Session ID: 92f19b96eca08bc42c1fa9a62782a756
at com.example.tests.WalletAuthTest.testSelectMetaMask(WalletAuthTest.java:308)
at java.base/java.util.ArrayList.forEach(ArrayList.java:1597)
... Removed 31 stack frames]]>
    </failure>
  </testcase> <!-- testSelectMetaMask -->
</testsuite> <!-- Surefire test -->
