<?xml version="1.0" encoding="UTF-8"?>
<testng-results ignored="0" total="1" passed="1" failed="0" skipped="0">
  <reporter-output>
  </reporter-output>
  <suite started-at="2025-03-04T12:37:32 PKT" name="Surefire suite" finished-at="2025-03-04T12:37:37 PKT" duration-ms="4645">
    <groups>
    </groups>
    <test started-at="2025-03-04T12:37:32 PKT" name="Surefire test" finished-at="2025-03-04T12:37:37 PKT" duration-ms="4645">
      <class name="com.example.tests.GoogleSearchTest">
        <test-method is-config="true" signature="setup()[pri:0, instance:com.example.tests.GoogleSearchTest@ef9296d]" started-at="2025-03-04T12:37:32 PKT" name="setup" finished-at="2025-03-04T12:37:34 PKT" duration-ms="2090" status="PASS">
          <reporter-output>
          </reporter-output>
        </test-method> <!-- setup -->
        <test-method signature="openGoogleHomePage()[pri:0, instance:com.example.tests.GoogleSearchTest@ef9296d]" started-at="2025-03-04T12:37:34 PKT" name="openGoogleHomePage" finished-at="2025-03-04T12:37:36 PKT" duration-ms="2212" status="PASS">
          <reporter-output>
          </reporter-output>
        </test-method> <!-- openGoogleHomePage -->
        <test-method is-config="true" signature="tearDown()[pri:0, instance:com.example.tests.GoogleSearchTest@ef9296d]" started-at="2025-03-04T12:37:36 PKT" name="tearDown" finished-at="2025-03-04T12:37:37 PKT" duration-ms="307" status="PASS">
          <reporter-output>
          </reporter-output>
        </test-method> <!-- tearDown -->
      </class> <!-- com.example.tests.GoogleSearchTest -->
    </test> <!-- Surefire test -->
  </suite> <!-- Surefire suite -->
</testng-results>
