<?xml version="1.0" encoding="UTF-8"?>
<testng-results ignored="0" total="1" passed="1" failed="0" skipped="0">
  <reporter-output>
  </reporter-output>
  <suite started-at="2025-03-04T12:34:40 PKT" name="Default suite" finished-at="2025-03-04T12:34:58 PKT" duration-ms="17696">
    <groups>
    </groups>
    <test started-at="2025-03-04T12:34:40 PKT" name="Default test" finished-at="2025-03-04T12:34:58 PKT" duration-ms="17696">
      <class name="com.example.tests.GoogleSearchTest">
        <test-method is-config="true" signature="setup()[pri:0, instance:com.example.tests.GoogleSearchTest@5bda8e08]" started-at="2025-03-04T12:34:40 PKT" name="setup" finished-at="2025-03-04T12:34:56 PKT" duration-ms="15449" status="PASS">
          <reporter-output>
          </reporter-output>
        </test-method> <!-- setup -->
        <test-method signature="openGoogleHomePage()[pri:0, instance:com.example.tests.GoogleSearchTest@5bda8e08]" started-at="2025-03-04T12:34:56 PKT" name="openGoogleHomePage" finished-at="2025-03-04T12:34:58 PKT" duration-ms="2003" status="PASS">
          <reporter-output>
          </reporter-output>
        </test-method> <!-- openGoogleHomePage -->
        <test-method is-config="true" signature="tearDown()[pri:0, instance:com.example.tests.GoogleSearchTest@5bda8e08]" started-at="2025-03-04T12:34:58 PKT" name="tearDown" finished-at="2025-03-04T12:34:58 PKT" duration-ms="187" status="PASS">
          <reporter-output>
          </reporter-output>
        </test-method> <!-- tearDown -->
      </class> <!-- com.example.tests.GoogleSearchTest -->
    </test> <!-- Default test -->
  </suite> <!-- Default suite -->
</testng-results>
